2025-05-06 00:57:03,568 - INFO - === 开始提取FGO Wiki从者数据 ===
2025-05-06 00:57:03,569 - INFO - 正在从本地文件加载: fgo_wiki_servants.html
2025-05-06 00:57:04,037 - INFO - 开始解析FGO Wiki HTML数据...
2025-05-06 00:57:04,037 - INFO - 查找从者表格数据...
2025-05-06 00:57:04,049 - INFO - 从HTML原始数据中提取name_other字段（别名）...
2025-05-06 00:57:04,266 - INFO - 处理第 1/5 个表格
2025-05-06 00:57:04,267 - INFO - 处理第 2/5 个表格
2025-05-06 00:57:04,267 - INFO - 处理第 3/5 个表格
2025-05-06 00:57:04,269 - INFO - 处理第 4/5 个表格
2025-05-06 00:57:04,269 - INFO - 处理第 5/5 个表格
2025-05-06 00:57:04,274 - INFO - 提取到从者: 未知 (ID: 439), 职阶: 全体, 稀有度: 阿育王アショカ王---, 别名数量: 0
2025-05-06 00:57:04,274 - INFO - 提取到从者: 未知 (ID: 438), 职阶: 全体, 稀有度: 梅塔特隆·贞德メタトロン・ジャンヌ---, 别名数量: 0
2025-05-06 00:57:04,275 - INFO - 提取到从者: 未知 (ID: 437), 职阶: 全体, 稀有度: 但丁·阿利吉耶里ダンテ・アリギエーリDante Alighieri, 别名数量: 0
2025-05-06 00:57:04,275 - INFO - 提取到从者: 未知 (ID: 436), 职阶: 未知, 稀有度: E－宏伟玛丽Ｅ－グランマリーE-Grand Marie, 别名数量: 0
2025-05-06 00:57:04,276 - INFO - 提取到从者: 未知 (ID: 435), 职阶: 全体, 稀有度: 小野小町小野小町Ono-no-Komachi, 别名数量: 0
2025-05-06 00:57:04,276 - INFO - 提取到从者: 未知 (ID: 434), 职阶: 单体, 稀有度: 黑姬黒姫Kurohime, 别名数量: 0
2025-05-06 00:57:04,277 - INFO - 提取到从者: 未知 (ID: 433), 职阶: 单体, 稀有度: 比肖内ビショーネBiscione, 别名数量: 0
2025-05-06 00:57:04,277 - INFO - 提取到从者: 未知 (ID: 432), 职阶: 全体, 稀有度: 理查Ⅰ世リチャードⅠ世Richard I, 别名数量: 0
2025-05-06 00:57:04,278 - INFO - 提取到从者: 未知 (ID: 431), 职阶: 单体, 稀有度: PhantasmoonファンタズムーンPhantasmoon, 别名数量: 0
2025-05-06 00:57:04,278 - INFO - 提取到从者: 未知 (ID: 430), 职阶: 辅助, 稀有度: 阿比盖尔·威廉姆斯〔圣诞〕アビゲイル・ウィリアムズ〔サンタ〕Abigail Williams (Santa), 别名数量: 0
2025-05-06 00:57:04,279 - INFO - 提取到从者: 未知 (ID: 429), 职阶: 全体, 稀有度: 娄希ロウヒLouhi, 别名数量: 0
2025-05-06 00:57:04,279 - INFO - 提取到从者: 未知 (ID: 428), 职阶: 全体, 稀有度: 梵高〔矿工〕ヴァン・ゴッホ〔マイナー〕Van Gogh (Miner), 别名数量: 0
2025-05-06 00:57:04,280 - INFO - 提取到从者: 未知 (ID: 427), 职阶: 单体, 稀有度: 图坦卡蒙ツタンカーメンTutankhamun, 别名数量: 0
2025-05-06 00:57:04,280 - INFO - 提取到从者: 未知 (ID: 426), 职阶: 全体, 稀有度: KazuradropカズラドロップKazuradrop, 别名数量: 0
2025-05-06 00:57:04,281 - INFO - 提取到从者: 未知 (ID: 425), 职阶: 全体, 稀有度: 岸波白野岸波白野Kishinami Hakuno, 别名数量: 0
2025-05-06 00:57:04,282 - INFO - 提取到从者: 未知 (ID: 424), 职阶: 全体, 稀有度: 岸波白野岸波白野Kishinami Hakuno, 别名数量: 0
2025-05-06 00:57:04,283 - INFO - 提取到从者: 未知 (ID: 423), 职阶: 单体, 稀有度: 谜之女主角XX〔Alter〕謎のヒロインXX〔オルタ〕Mysterious Heroine XX (Alter), 别名数量: 0
2025-05-06 00:57:04,283 - INFO - 提取到从者: 未知 (ID: 422), 职阶: 全体, 稀有度: 特诺奇蒂特兰テノチティトランTenochtitlan, 别名数量: 0
2025-05-06 00:57:04,283 - INFO - 提取到从者: 未知 (ID: 421), 职阶: 全体, 稀有度: BB迪拜ＢＢドバイBB Dubai, 别名数量: 0
2025-05-06 00:57:04,284 - INFO - 提取到从者: 未知 (ID: 420), 职阶: 单体, 稀有度: 徐福徐福Xu Fu, 别名数量: 0
2025-05-06 00:57:04,284 - INFO - 提取到从者: 未知 (ID: 419), 职阶: 单体, 稀有度: 多布雷尼亚・尼基季奇ドブルイニャ・ニキチッチDobrynya Nikitich, 别名数量: 0
2025-05-06 00:57:04,284 - INFO - 提取到从者: 未知 (ID: 418), 职阶: 单体, 稀有度: 谜之代行者C.I.E.L謎の代行者C.I.E.LMysterious Executor C.I.E.L, 别名数量: 0
2025-05-06 00:57:04,285 - INFO - 提取到从者: 未知 (ID: 417), 职阶: 全体, 稀有度: 埃列什基伽勒エレシュキガルEreshkigal, 别名数量: 0
2025-05-06 00:57:04,285 - INFO - 提取到从者: 未知 (ID: 416), 职阶: 全体, 稀有度: 响＆千键ひびき＆千鍵Hibiki&Chikagi, 别名数量: 0
2025-05-06 00:57:04,286 - INFO - 提取到从者: 未知 (ID: 415), 职阶: 全体, 稀有度: 久远寺有珠久遠寺有珠Kuonji Alice, 别名数量: 0
2025-05-06 00:57:04,286 - INFO - 提取到从者: 未知 (ID: 414), 职阶: 单体, 稀有度: 静希草十郎静希草十郎Shizuki Soujyuro, 别名数量: 0
2025-05-06 00:57:04,287 - INFO - 提取到从者: 未知 (ID: 413), 职阶: 辅助, 稀有度: 苍崎青子蒼崎青子Aozaki Aoko, 别名数量: 0
2025-05-06 00:57:04,287 - INFO - 提取到从者: 未知 (ID: 412), 职阶: 未知, 稀有度: E－水蓝玛丽Ｅ－アクアマリーE-Aqua Marie, 别名数量: 0
2025-05-06 00:57:04,287 - INFO - 提取到从者: 未知 (ID: 411), 职阶: 未知, 稀有度: E－火焰玛丽Ｅ－フレアマリーE-Flare Marie, 别名数量: 0
2025-05-06 00:57:04,288 - INFO - 提取到从者: 未知 (ID: 410), 职阶: 全体, 稀有度: 亚历山德罗・迪・卡利奥斯特罗アレッサンドロ・ディ・カリオストロAlessandro di Cagliostro, 别名数量: 0
2025-05-06 00:57:04,288 - INFO - 提取到从者: 未知 (ID: 409), 职阶: 单体, 稀有度: 岩窟王　基督山巌窟王　モンテ・クリストEdmond Dantès, Monte Cristo, 别名数量: 0
2025-05-06 00:57:04,289 - INFO - 提取到从者: 未知 (ID: 408), 职阶: 全体, 稀有度: 耀星哈桑耀星のハサンHassan of the Aglare Star, 别名数量: 0
2025-05-06 00:57:04,289 - INFO - 提取到从者: 未知 (ID: 407), 职阶: 全体, 稀有度: 玛丽・安托瓦内特〔Alter〕マリー・アントワネット〔オルタ〕Marie Antoinette (Alter), 别名数量: 0
2025-05-06 00:57:04,289 - INFO - 提取到从者: 未知 (ID: 406), 职阶: 全体, 稀有度: 安德洛墨达アンドロメダAndromeda, 别名数量: 0
2025-05-06 00:57:04,290 - INFO - 提取到从者: 未知 (ID: 405), 职阶: 单体, 稀有度: 宫本伊织宮本伊織Miyamoto Iori, 别名数量: 0
2025-05-06 00:57:04,290 - INFO - 提取到从者: 未知 (ID: 404), 职阶: 辅助, 稀有度: 由井正雪由井正雪Yui Shousetsu, 别名数量: 0
2025-05-06 00:57:04,290 - INFO - 提取到从者: 未知 (ID: 403), 职阶: 全体, 稀有度: 源赖光／丑御前源頼光／丑御前Minamoto-no-Raikou/Ushi Gozen, 别名数量: 0
2025-05-06 00:57:04,291 - INFO - 提取到从者: 未知 (ID: 402), 职阶: 全体, 稀有度: 大和武尊ヤマトタケルYamato Takeru, 别名数量: 0
2025-05-06 00:57:04,291 - INFO - 提取到从者: 未知 (ID: 401), 职阶: 全体, 稀有度: 尼莫〔圣诞〕ネモ〔サンタ〕Nemo (Santa), 别名数量: 0
2025-05-06 00:57:04,292 - INFO - 提取到从者: 未知 (ID: 400), 职阶: 单体, 稀有度: 上杉谦信上杉謙信Uesugi Kenshin, 别名数量: 0
2025-05-06 00:57:04,292 - INFO - 提取到从者: 未知 (ID: 399), 职阶: 单体, 稀有度: 杂贺孙一雑賀孫一Saika Magoichi, 别名数量: 0
2025-05-06 00:57:04,292 - INFO - 提取到从者: 未知 (ID: 398), 职阶: 单体, 稀有度: 永仓新八永倉新八Nagakura Shinpachi, 别名数量: 0
2025-05-06 00:57:04,292 - INFO - 提取到从者: 未知 (ID: 397), 职阶: 全体, 稀有度: 武田晴信武田晴信Takeda Harunobu, 别名数量: 0
2025-05-06 00:57:04,292 - INFO - 提取到从者: 未知 (ID: 396), 职阶: 单体, 稀有度: 忒修斯テセウスTheseus, 别名数量: 0
2025-05-06 00:57:04,293 - INFO - 提取到从者: 未知 (ID: 395), 职阶: 单体, 稀有度: 杉谷善住坊杉谷善住坊Sugitani Zenjyubou, 别名数量: 0
2025-05-06 00:57:04,293 - INFO - 提取到从者: 未知 (ID: 394), 职阶: 单体, 稀有度: 托勒密プトレマイオスPtolemaîos, 别名数量: 0
2025-05-06 00:57:04,293 - INFO - 提取到从者: 未知 (ID: 393), 职阶: 单体, 稀有度: 旺吉娜ワンジナWandjina, 别名数量: 0
2025-05-06 00:57:04,293 - INFO - 提取到从者: 未知 (ID: 392), 职阶: 全体, 稀有度: 凯特・库・米可科尔ケット・クー・ミコケルCait Cú Mikocer, 别名数量: 0
2025-05-06 00:57:04,294 - INFO - 提取到从者: 未知 (ID: 391), 职阶: 全体, 稀有度: UDK－巴格斯特ＵＤＫ－バーゲストUDK-Barghest, 别名数量: 0
2025-05-06 00:57:04,294 - INFO - 提取到从者: 未知 (ID: 390), 职阶: 全体, 稀有度: 梅柳齐娜メリュジーヌMélusine, 别名数量: 0
2025-05-06 00:57:04,295 - INFO - 提取到从者: 未知 (ID: 389), 职阶: 全体, 稀有度: 诺克娜蕾・雅兰杜ノクナレア・ヤラアーンドゥCnoc na Riabh Yaraan-doo, 别名数量: 0
2025-05-06 00:57:04,295 - INFO - 提取到从者: 未知 (ID: 388), 职阶: 单体, 稀有度: 克洛伊・冯・爱因兹贝伦クロエ・フォン・アインツベルンChloe von Einzbern, 别名数量: 0
2025-05-06 00:57:04,295 - INFO - 提取到从者: 未知 (ID: 387), 职阶: 全体, 稀有度: 铃鹿御前〔暑假〕鈴鹿御前〔サマバケ〕Suzuka Gozen (Summevaca), 别名数量: 0
2025-05-06 00:57:04,296 - INFO - 提取到从者: 未知 (ID: 386), 职阶: 单体, 稀有度: 阿尔托莉雅・卡斯特アルトリア・キャスターAltria Caster, 别名数量: 0
2025-05-06 00:57:04,297 - INFO - 提取到从者: 未知 (ID: 385), 职阶: 全体, 稀有度: 雨之魔女梣雨の魔女トネリコAesc the Rain Witch, 别名数量: 0
2025-05-06 00:57:04,297 - INFO - 提取到从者: 未知 (ID: 384), 职阶: 单体, 稀有度: 美杜莎メドゥーサMedusa, 别名数量: 0
2025-05-06 00:57:04,297 - INFO - 提取到从者: 未知 (ID: 383), 职阶: 全体, 稀有度: 杜尔伽ドゥルガーDurga, 别名数量: 0
2025-05-06 00:57:04,298 - INFO - 提取到从者: 未知 (ID: 382), 职阶: 全体, 稀有度: 难敌ドゥリーヨダナDuryodhana, 别名数量: 0
2025-05-06 00:57:04,298 - INFO - 提取到从者: 未知 (ID: 381), 职阶: 单体, 稀有度: 怖军ビーマBhima, 别名数量: 0
2025-05-06 00:57:04,298 - INFO - 提取到从者: 未知 (ID: 380), 职阶: 全体, 稀有度: 果心居士果心居士Kashin Koji, 别名数量: 0
2025-05-06 00:57:04,299 - INFO - 提取到从者: 未知 (ID: 379), 职阶: 单体, 稀有度: 瑟坦特セタンタSétanta, 别名数量: 0
2025-05-06 00:57:04,299 - INFO - 提取到从者: 未知 (ID: 378), 职阶: 单体, 稀有度: 洛库斯塔ロクスタLocusta, 别名数量: 0
2025-05-06 00:57:04,299 - INFO - 提取到从者: 未知 (ID: 377), 职阶: 单体, 稀有度: 所多玛之兽／德拉科ソドムズビースト／ドラコーSodom's Beast/Draco, 别名数量: 0
2025-05-06 00:57:04,300 - INFO - 提取到从者: 未知 (ID: 376), 职阶: 全体, 稀有度: 幼体／提亚马特ラーヴァ／ティアマトLarva/Tiamat, 别名数量: 0
2025-05-06 00:57:04,300 - INFO - 提取到从者: 未知 (ID: 375), 职阶: 全体, 稀有度: 高杉晋作高杉晋作Takasugi Shinsaku, 别名数量: 0
2025-05-06 00:57:04,300 - INFO - 提取到从者: 未知 (ID: 374), 职阶: 全体, 稀有度: 女教皇若安女教皇ヨハンナPopess Johanna, 别名数量: 0
2025-05-06 00:57:04,300 - INFO - 提取到从者: 未知 (ID: 373), 职阶: 全体, 稀有度: 库库尔坎ククルカンKukulcan, 别名数量: 0
2025-05-06 00:57:04,301 - INFO - 提取到从者: 未知 (ID: 372), 职阶: 全体, 稀有度: 特拉洛克トラロックTlaloc, 别名数量: 0
2025-05-06 00:57:04,301 - INFO - 提取到从者: 未知 (ID: 371), 职阶: 全体, 稀有度: 特斯卡特利波卡テスカトリポカTezcatlipoca, 别名数量: 0
2025-05-06 00:57:04,302 - INFO - 提取到从者: 未知 (ID: 370), 职阶: 全体, 稀有度: 尼托克丽丝〔Alter〕ニトクリス〔オルタ〕Nitocris (Alter), 别名数量: 0
2025-05-06 00:57:04,302 - INFO - 提取到从者: 未知 (ID: 369), 职阶: 全体, 稀有度: 格里戈里・拉斯普京グレゴリー・ラスプーチンGrigori Rasputin, 别名数量: 0
2025-05-06 00:57:04,303 - INFO - 提取到从者: 未知 (ID: 368), 职阶: 全体, 稀有度: 布里托玛特ブリトマートBritomart, 别名数量: 0
2025-05-06 00:57:04,303 - INFO - 提取到从者: 未知 (ID: 367), 职阶: 全体, 稀有度: 九纹龙伊丽莎九紋竜エリザJiuwenlong Eliza, 别名数量: 0
2025-05-06 00:57:04,304 - INFO - 提取到从者: 未知 (ID: 366), 职阶: 单体, 稀有度: 黄飞虎黄飛虎Huang Feihu, 别名数量: 0
2025-05-06 00:57:04,304 - INFO - 提取到从者: 未知 (ID: 365), 职阶: 全体, 稀有度: 呼延灼呼延灼Huyan Zhuo, 别名数量: 0
2025-05-06 00:57:04,304 - INFO - 提取到从者: 未知 (ID: 364), 职阶: 全体, 稀有度: 壹与壱与Iyo, 别名数量: 0
2025-05-06 00:57:04,305 - INFO - 提取到从者: 未知 (ID: 363), 职阶: 辅助, 稀有度: 山南敬助山南敬助Yamanami Keisuke, 别名数量: 0
2025-05-06 00:57:04,306 - INFO - 提取到从者: 未知 (ID: 362), 职阶: 全体, 稀有度: 千利休千利休Sen-no-Rikyu, 别名数量: 0
2025-05-06 00:57:04,306 - INFO - 提取到从者: 未知 (ID: 361), 职阶: 全体, 稀有度: 奥特琳德オルトリンデOrtlinde, 别名数量: 0
2025-05-06 00:57:04,307 - INFO - 提取到从者: 未知 (ID: 360), 职阶: 全体, 稀有度: 希露德ヒルドHildr, 别名数量: 0
2025-05-06 00:57:04,307 - INFO - 提取到从者: 未知 (ID: 359), 职阶: 全体, 稀有度: 斯露德スルーズThrúd, 别名数量: 0
2025-05-06 00:57:04,308 - INFO - 提取到从者: 未知 (ID: 358), 职阶: 全体, 稀有度: 武则天武則天Wu Zetian, 别名数量: 0
2025-05-06 00:57:04,308 - INFO - 提取到从者: 未知 (ID: 357), 职阶: 全体, 稀有度: 斯卡哈・斯卡蒂スカサハ＝スカディScáthach-Skadi, 别名数量: 0
2025-05-06 00:57:04,309 - INFO - 提取到从者: 未知 (ID: 356), 职阶: 单体, 稀有度: 宇津见绘里濑宇津見エリセUtsumi Erice, 别名数量: 0
2025-05-06 00:57:04,309 - INFO - 提取到从者: 未知 (ID: 355), 职阶: 全体, 稀有度: 伊吹童子伊吹童子Ibuki-Douji, 别名数量: 0
2025-05-06 00:57:04,309 - INFO - 提取到从者: 未知 (ID: 354), 职阶: 全体, 稀有度: 加雷斯ガレスGareth, 别名数量: 0
2025-05-06 00:57:04,309 - INFO - 提取到从者: 未知 (ID: 353), 职阶: 辅助, 稀有度: 阿瓦隆女士レディ・アヴァロンLady Avalon, 别名数量: 0
2025-05-06 00:57:04,310 - INFO - 提取到从者: 未知 (ID: 352), 职阶: 辅助, 稀有度: 徐福徐福Xu Fu, 别名数量: 0
2025-05-06 00:57:04,310 - INFO - 提取到从者: 未知 (ID: 351), 职阶: 全体, 稀有度: Archetype：Earthアーキタイプ：アースArchetype: Earth, 别名数量: 0
2025-05-06 00:57:04,311 - INFO - 提取到从者: 未知 (ID: 350), 职阶: 全体, 稀有度: 源为朝源為朝Minamoto-no-Tametomo, 别名数量: 0
2025-05-06 00:57:04,311 - INFO - 提取到从者: 未知 (ID: 349), 职阶: 全体, 稀有度: 曲亭马琴曲亭馬琴Kyokutei Bakin, 别名数量: 0
2025-05-06 00:57:04,311 - INFO - 提取到从者: 未知 (ID: 348), 职阶: 全体, 稀有度: 张角張角Zhang Jue, 别名数量: 0
2025-05-06 00:57:04,312 - INFO - 提取到从者: 未知 (ID: 347), 职阶: 单体, 稀有度: 堂・吉诃德ドン・キホーテDon Quixote, 别名数量: 0
2025-05-06 00:57:04,312 - INFO - 提取到从者: 未知 (ID: 346), 职阶: 全体, 稀有度: 詹姆斯・莫里亚蒂ジェームズ・モリアーティJames Moriarty, 别名数量: 0
2025-05-06 00:57:04,312 - INFO - 提取到从者: 未知 (ID: 345), 职阶: 单体, 稀有度: 克里姆希尔德クリームヒルトKriemhild, 别名数量: 0
2025-05-06 00:57:04,313 - INFO - 提取到从者: 未知 (ID: 344), 职阶: 单体, 稀有度: 罗兰ローランRoland, 别名数量: 0
2025-05-06 00:57:04,313 - INFO - 提取到从者: 未知 (ID: 343), 职阶: 全体, 稀有度: 查理曼シャルルマーニュCharlemagne, 别名数量: 0
2025-05-06 00:57:04,313 - INFO - 提取到从者: 未知 (ID: 342), 职阶: 辅助, 稀有度: 君士坦丁十一世コンスタンティノス11世Kōnstantînos XI, 别名数量: 0
2025-05-06 00:57:04,314 - INFO - 提取到从者: 未知 (ID: 341), 职阶: 全体, 稀有度: 玛丽・安宁メアリー・アニングMary Anning, 别名数量: 0
2025-05-06 00:57:04,314 - INFO - 提取到从者: 未知 (ID: 340), 职阶: 全体, 稀有度: 大黑天大黒天Daikokuten, 别名数量: 0
2025-05-06 00:57:04,314 - INFO - 提取到从者: 未知 (ID: 339), 职阶: 单体, 稀有度: 超级班扬スーパーバニヤンSuper Bunyan, 别名数量: 0
2025-05-06 00:57:04,314 - INFO - 提取到从者: 未知 (ID: 338), 职阶: 全体, 稀有度: 太岁星君太歳星君Taisui Xingjun, 别名数量: 0
2025-05-06 00:57:04,315 - INFO - 提取到从者: 未知 (ID: 337), 职阶: 单体, 稀有度: 征氏姐妹徴姉妹Hai Bà Trưng, 别名数量: 0
2025-05-06 00:57:04,315 - INFO - 提取到从者: 未知 (ID: 336), 职阶: 辅助, 稀有度: 马纳南・麦克・利尔〔巴泽特〕マナナン・マク・リール〔バゼット〕Manannán mac Lir (Bazett), 别名数量: 0
2025-05-06 00:57:04,316 - INFO - 提取到从者: 未知 (ID: 335), 职阶: 单体, 稀有度: 赫费斯提翁ヘファイスティオンHephaistíon, 别名数量: 0
2025-05-06 00:57:04,317 - INFO - 提取到从者: 未知 (ID: 334), 职阶: 全体, 稀有度: 暗之高扬斯卡娅闇のコヤンスカヤKoyanskaya of Dark, 别名数量: 0
2025-05-06 00:57:04,317 - INFO - 提取到从者: 未知 (ID: 333), 职阶: 未知, 稀有度: BeastⅣビーストⅣBeastⅣ, 别名数量: 0
2025-05-06 00:57:04,318 - INFO - 提取到从者: 未知 (ID: 332), 职阶: 全体, 稀有度: 多布雷尼亚・尼基季奇ドブルイニャ・ニキチッチDobrynya Nikitich, 别名数量: 0
2025-05-06 00:57:04,318 - INFO - 提取到从者: 未知 (ID: 331), 职阶: 全体, 稀有度: 太公望太公望Taigong Wang, 别名数量: 0
2025-05-06 00:57:04,319 - INFO - 提取到从者: 未知 (ID: 330), 职阶: 辅助, 稀有度: 玛尔达〔圣诞〕マルタ〔サンタ〕Martha (Santa), 别名数量: 0
2025-05-06 00:57:04,319 - INFO - 提取到从者: 未知 (ID: 329), 职阶: 全体, 稀有度: 坂本龙马坂本龍馬Sakamoto Ryouma, 别名数量: 0
2025-05-06 00:57:04,320 - INFO - 提取到从者: 未知 (ID: 328), 职阶: 全体, 稀有度: 谜之兰丸X謎の蘭丸XMysterious Ranmaru X, 别名数量: 0
2025-05-06 00:57:04,320 - INFO - 提取到从者: 未知 (ID: 327), 职阶: 单体, 稀有度: 出云阿国出雲阿国Izumo-no-Okuni, 别名数量: 0
2025-05-06 00:57:04,320 - INFO - 提取到从者: 未知 (ID: 326), 职阶: 单体, 稀有度: 伊丽莎白・巴托里〔灰姑娘〕エリザベート・バートリー〔シンデレラ〕Elisabeth Báthory (Cinderella), 别名数量: 0
2025-05-06 00:57:04,321 - INFO - 提取到从者: 未知 (ID: 325), 职阶: 全体, 稀有度: 芝诺比阿ゼノビアZenobia, 别名数量: 0
2025-05-06 00:57:04,321 - INFO - 提取到从者: 未知 (ID: 324), 职阶: 全体, 稀有度: 雅克・德・莫莱ジャック・ド・モレーJacques de Molay, 别名数量: 0
2025-05-06 00:57:04,321 - INFO - 提取到从者: 未知 (ID: 323), 职阶: 单体, 稀有度: 清少纳言清少納言Sei Shonagon, 别名数量: 0
2025-05-06 00:57:04,322 - INFO - 提取到从者: 未知 (ID: 322), 职阶: 单体, 稀有度: 凯妮斯カイニスCaenis, 别名数量: 0
2025-05-06 00:57:04,322 - INFO - 提取到从者: 未知 (ID: 321), 职阶: 全体, 稀有度: 迦摩カーマKama, 别名数量: 0
2025-05-06 00:57:04,322 - INFO - 提取到从者: 未知 (ID: 320), 职阶: 单体, 稀有度: 莱昂纳多・达・芬奇レオナルド・ダ・ヴィンチLeonardo da Vinci, 别名数量: 0
2025-05-06 00:57:04,323 - INFO - 提取到从者: 未知 (ID: 319), 职阶: 单体, 稀有度: 夏洛特・科黛シャルロット・コルデーCharlotte Corday, 别名数量: 0
2025-05-06 00:57:04,323 - INFO - 提取到从者: 未知 (ID: 318), 职阶: 单体, 稀有度: 阿纳斯塔西娅＆维アナスタシア＆ヴィイAnastasia&Viy, 别名数量: 0
2025-05-06 00:57:04,324 - INFO - 提取到从者: 未知 (ID: 317), 职阶: 全体, 稀有度: 冲田总司〔Alter〕沖田総司〔オルタ〕Okita Souji (Alter), 别名数量: 0
2025-05-06 00:57:04,324 - INFO - 提取到从者: 未知 (ID: 316), 职阶: 全体, 稀有度: 奥伯龙オベロンOberon, 别名数量: 0
2025-05-06 00:57:04,324 - INFO - 提取到从者: 未知 (ID: 315), 职阶: 全体, 稀有度: 哈贝特洛特ハベトロットHabetrot, 别名数量: 0
2025-05-06 00:57:04,325 - INFO - 提取到从者: 未知 (ID: 314), 职阶: 全体, 稀有度: 光之高扬斯卡娅光のコヤンスカヤKoyanskaya of Light, 别名数量: 0
2025-05-06 00:57:04,325 - INFO - 提取到从者: 未知 (ID: 313), 职阶: 全体, 稀有度: 珀西瓦尔パーシヴァルPercival, 别名数量: 0
2025-05-06 00:57:04,325 - INFO - 提取到从者: 未知 (ID: 312), 职阶: 单体, 稀有度: 妖精骑士兰斯洛特妖精騎士ランスロットTam Lin Lancelot, 别名数量: 0
2025-05-06 00:57:04,326 - INFO - 提取到从者: 未知 (ID: 311), 职阶: 单体, 稀有度: 妖精骑士崔斯坦妖精騎士トリスタンTam Lin Tristan, 别名数量: 0
2025-05-06 00:57:04,327 - INFO - 提取到从者: 未知 (ID: 310), 职阶: 全体, 稀有度: 妖精骑士高文妖精騎士ガウェインTam Lin Gawain, 别名数量: 0
2025-05-06 00:57:04,327 - INFO - 提取到从者: 未知 (ID: 309), 职阶: 全体, 稀有度: 摩根モルガンMorgan, 别名数量: 0
2025-05-06 00:57:04,327 - INFO - 提取到从者: 未知 (ID: 308), 职阶: 全体, 稀有度: 谜之偶像X〔Alter〕謎のアイドルX〔オルタ〕Mysterious Idol X (Alter), 别名数量: 0
2025-05-06 00:57:04,328 - INFO - 提取到从者: 未知 (ID: 307), 职阶: 辅助, 稀有度: 克莱恩小姐ミス・クレーンMiss Crane, 别名数量: 0
2025-05-06 00:57:04,328 - INFO - 提取到从者: 未知 (ID: 306), 职阶: 单体, 稀有度: 伽拉忒亚ガラテアGalatea, 别名数量: 0
2025-05-06 00:57:04,328 - INFO - 提取到从者: 未知 (ID: 305), 职阶: 全体, 稀有度: 阿摩耳〔卡莲〕アムール〔カレン〕Amor (Caren), 别名数量: 0
2025-05-06 00:57:04,329 - INFO - 提取到从者: 未知 (ID: 304), 职阶: 全体, 稀有度: 鬼一法眼鬼一法眼Kiichi Hogen, 别名数量: 0
2025-05-06 00:57:04,329 - INFO - 提取到从者: 未知 (ID: 303), 职阶: 单体, 稀有度: 平景清平景清Taira-no-Kagekiyo, 别名数量: 0
2025-05-06 00:57:04,329 - INFO - 提取到从者: 未知 (ID: 302), 职阶: 全体, 稀有度: 千子村正千子村正Senji Muramasa, 别名数量: 0
2025-05-06 00:57:04,330 - INFO - 提取到从者: 未知 (ID: 301), 职阶: 单体, 稀有度: 迦尔纳〔圣诞〕カルナ〔サンタ〕Karna (Santa), 别名数量: 0
2025-05-06 00:57:04,330 - INFO - 提取到从者: 未知 (ID: 300), 职阶: 全体, 稀有度: 弗栗多ヴリトラVritra, 别名数量: 0
2025-05-06 00:57:04,330 - INFO - 提取到从者: 未知 (ID: 299), 职阶: 全体, 稀有度: 伊吹童子伊吹童子Ibuki-Douji, 别名数量: 0
2025-05-06 00:57:04,331 - INFO - 提取到从者: 未知 (ID: 298), 职阶: 单体, 稀有度: 渡边纲渡辺綱Watanabe-no-Tsuna, 别名数量: 0
2025-05-06 00:57:04,331 - INFO - 提取到从者: 未知 (ID: 297), 职阶: 全体, 稀有度: 芦屋道满蘆屋道満Ashiya Douman, 别名数量: 0
2025-05-06 00:57:04,332 - INFO - 提取到从者: 未知 (ID: 296), 职阶: 单体, 稀有度: 尼莫ネモNemo, 别名数量: 0
2025-05-06 00:57:04,332 - INFO - 提取到从者: 未知 (ID: 295), 职阶: 辅助, 稀有度: 梵高ヴァン・ゴッホVan Gogh, 别名数量: 0
2025-05-06 00:57:04,332 - INFO - 提取到从者: 未知 (ID: 294), 职阶: 辅助, 稀有度: 织田信胜織田信勝Oda Nobukatsu, 别名数量: 0
2025-05-06 00:57:04,333 - INFO - 提取到从者: 未知 (ID: 293), 职阶: 单体, 稀有度: 斋藤一斎藤一Saitou Hajime, 别名数量: 0
2025-05-06 00:57:04,333 - INFO - 提取到从者: 未知 (ID: 292), 职阶: 辅助, 稀有度: 卑弥呼卑弥呼Himiko, 别名数量: 0
2025-05-06 00:57:04,333 - INFO - 提取到从者: 未知 (ID: 291), 职阶: 单体, 稀有度: 紫式部紫式部Murasaki Shikibu, 别名数量: 0
2025-05-06 00:57:04,334 - INFO - 提取到从者: 未知 (ID: 290), 职阶: 全体, 稀有度: 巴御前巴御前Tomoe Gozen, 别名数量: 0
2025-05-06 00:57:04,334 - INFO - 提取到从者: 未知 (ID: 289), 职阶: 全体, 稀有度: 阿比盖尔・威廉姆斯〔夏〕アビゲイル・ウィリアムズ〔夏〕Abigail Williams, 别名数量: 0
2025-05-06 00:57:04,334 - INFO - 提取到从者: 未知 (ID: 288), 职阶: 单体, 稀有度: 虞美人虞美人Yu Mei-ren, 别名数量: 0
2025-05-06 00:57:04,335 - INFO - 提取到从者: 未知 (ID: 287), 职阶: 全体, 稀有度: 布伦希尔德ブリュンヒルデBrynhild, 别名数量: 0
2025-05-06 00:57:04,335 - INFO - 提取到从者: 未知 (ID: 286), 职阶: 全体, 稀有度: 伊莉雅丝菲尔・冯・爱因兹贝伦イリヤスフィール・フォン・アインツベルンIllyasviel von Einzbern, 别名数量: 0
2025-05-06 00:57:04,335 - INFO - 提取到从者: 未知 (ID: 285), 职阶: 全体, 稀有度: 杀生院祈荒殺生院キアラSessyoin Kiara, 别名数量: 0
2025-05-06 00:57:04,336 - INFO - 提取到从者: 未知 (ID: 284), 职阶: 辅助, 稀有度: 阿尔托莉雅・卡斯特アルトリア・キャスターAltria Caster, 别名数量: 0
2025-05-06 00:57:04,336 - INFO - 提取到从者: 未知 (ID: 283), 职阶: 全体, 稀有度: 宇津见绘里濑宇津見エリセUtsumi Erice, 别名数量: 0
2025-05-06 00:57:04,336 - INFO - 提取到从者: 未知 (ID: 282), 职阶: 单体, 稀有度: 鬼女红叶鬼女紅葉Kijyo Koyo, 别名数量: 0
2025-05-06 00:57:04,337 - INFO - 提取到从者: 未知 (ID: 281), 职阶: 全体, 稀有度: 旅行者ボイジャーVoyager, 别名数量: 0
2025-05-06 00:57:04,337 - INFO - 提取到从者: 未知 (ID: 280), 职阶: 全体, 稀有度: 罗穆路斯・奎里努斯ロムルス＝クィリヌスRomulus=Quirinus, 别名数量: 0
2025-05-06 00:57:04,337 - INFO - 提取到从者: 未知 (ID: 279), 职阶: 全体, 稀有度: 凯妮斯カイニスCaenis, 别名数量: 0
2025-05-06 00:57:04,337 - INFO - 提取到从者: 未知 (ID: 278), 职阶: 单体, 稀有度: 狄俄斯库里ディオスクロイDioscuri, 别名数量: 0
2025-05-06 00:57:04,338 - INFO - 提取到从者: 未知 (ID: 277), 职阶: 全体, 稀有度: 奥德修斯オデュッセウスOdysseus, 别名数量: 0
2025-05-06 00:57:04,338 - INFO - 提取到从者: 未知 (ID: 276), 职阶: 全体, 稀有度: 清少纳言清少納言Sei Shonagon, 别名数量: 0
2025-05-06 00:57:04,338 - INFO - 提取到从者: 未知 (ID: 275), 职阶: 单体, 稀有度: 杨贵妃楊貴妃Yang Guifei, 别名数量: 0
2025-05-06 00:57:04,339 - INFO - 提取到从者: 未知 (ID: 274), 职阶: 全体, 稀有度: 欧罗巴エウロペEuropa, 别名数量: 0
2025-05-06 00:57:04,339 - INFO - 提取到从者: 未知 (ID: 273), 职阶: 单体, 稀有度: 曼迪卡尔多マンドリカルドMandricardo, 别名数量: 0
2025-05-06 00:57:04,339 - INFO - 提取到从者: 未知 (ID: 272), 职阶: 辅助, 稀有度: 超人俄里翁超人オリオンSuper Orion, 别名数量: 0
2025-05-06 00:57:04,340 - INFO - 提取到从者: 未知 (ID: 271), 职阶: 全体, 稀有度: 南丁格尔〔圣诞〕ナイチンゲール〔サンタ〕Florence Nightingale (Santa), 别名数量: 0
2025-05-06 00:57:04,340 - INFO - 提取到从者: 未知 (ID: 270), 职阶: 单体, 稀有度: 阿斯托尔福アストルフォAstolfo, 别名数量: 0
2025-05-06 00:57:04,340 - INFO - 提取到从者: 未知 (ID: 269), 职阶: 单体, 稀有度: 灾星简カラミティ・ジェーンCalamity Jane, 别名数量: 0
2025-05-06 00:57:04,341 - INFO - 提取到从者: 未知 (ID: 268), 职阶: 全体, 稀有度: 太空伊什塔尔スペース・イシュタルSpace Ishtar, 别名数量: 0
2025-05-06 00:57:04,341 - INFO - 提取到从者: 未知 (ID: 267), 职阶: 全体, 稀有度: 冲田・J・总司オキタ・Ｊ・ソウジOkita J. Souji, 别名数量: 0
2025-05-06 00:57:04,341 - INFO - 提取到从者: 未知 (ID: 266), 职阶: 全体, 稀有度: 谜之Alterego・Λ謎のアルターエゴ・ΛMysterious Alter Ego Λ, 别名数量: 0
2025-05-06 00:57:04,342 - INFO - 提取到从者: 未知 (ID: 265), 职阶: 全体, 稀有度: 阿尔托莉雅・潘德拉贡アルトリア・ペンドラゴンAltria Pendragon, 别名数量: 0
2025-05-06 00:57:04,342 - INFO - 提取到从者: 未知 (ID: 264), 职阶: 单体, 稀有度: 葛饰北斋葛飾北斎Katsushika Hokusai, 别名数量: 0
2025-05-06 00:57:04,342 - INFO - 提取到从者: 未知 (ID: 263), 职阶: 全体, 稀有度: 卡米拉カーミラCarmilla, 别名数量: 0
2025-05-06 00:57:04,342 - INFO - 提取到从者: 未知 (ID: 262), 职阶: 全体, 稀有度: 刑部姬刑部姫Osakabehime, 别名数量: 0
2025-05-06 00:57:04,343 - INFO - 提取到从者: 未知 (ID: 261), 职阶: 全体, 稀有度: 宫本武藏宮本武蔵Miyamoto Musashi, 别名数量: 0
2025-05-06 00:57:04,343 - INFO - 提取到从者: 未知 (ID: 260), 职阶: 单体, 稀有度: 莎乐美サロメSalome, 别名数量: 0
2025-05-06 00:57:04,343 - INFO - 提取到从者: 未知 (ID: 259), 职阶: 单体, 稀有度: 夏洛特・科黛シャルロット・コルデーCharlotte Corday, 别名数量: 0
2025-05-06 00:57:04,343 - INFO - 提取到从者: 未知 (ID: 258), 职阶: 全体, 稀有度: 陈宫陳宮Chen Gong, 别名数量: 0
2025-05-06 00:57:04,344 - INFO - 提取到从者: 未知 (ID: 257), 职阶: 全体, 稀有度: 巴沙洛缪・罗伯茨バーソロミュー・ロバーツBartholomew Roberts, 别名数量: 0
2025-05-06 00:57:04,344 - INFO - 提取到从者: 未知 (ID: 256), 职阶: 单体, 稀有度: 加雷斯ガレスGareth, 别名数量: 0
2025-05-06 00:57:04,344 - INFO - 提取到从者: 未知 (ID: 255), 职阶: 单体, 稀有度: 帕里斯パリスParis, 别名数量: 0
2025-05-06 00:57:04,345 - INFO - 提取到从者: 未知 (ID: 254), 职阶: 全体, 稀有度: 伊阿宋イアソンJason, 别名数量: 0
2025-05-06 00:57:04,345 - INFO - 提取到从者: 未知 (ID: 253), 职阶: 全体, 稀有度: 莱昂纳多・达・芬奇レオナルド・ダ・ヴィンチLeonardo da Vinci, 别名数量: 0
2025-05-06 00:57:04,345 - INFO - 提取到从者: 未知 (ID: 252), 职阶: 单体, 稀有度: 长尾景虎長尾景虎Nagao Kagetora, 别名数量: 0
2025-05-06 00:57:04,345 - INFO - 提取到从者: 未知 (ID: 251), 职阶: 单体, 稀有度: 森长可森長可Mori Nagayoshi, 别名数量: 0
2025-05-06 00:57:04,346 - INFO - 提取到从者: 未知 (ID: 250), 职阶: 全体, 稀有度: 织田信长織田信長Oda Nobunaga, 别名数量: 0
2025-05-06 00:57:04,347 - INFO - 提取到从者: 未知 (ID: 249), 职阶: 辅助, 稀有度: 阿斯克勒庇俄斯アスクレピオスAsclepius, 别名数量: 0
2025-05-06 00:57:04,347 - INFO - 提取到从者: 未知 (ID: 248), 职阶: 单体, 稀有度: 马嘶アシュヴァッターマンAśvatthāman, 别名数量: 0
2025-05-06 00:57:04,348 - INFO - 提取到从者: 未知 (ID: 247), 职阶: 全体, 稀有度: 阿周那〔Alter〕アルジュナ〔オルタ〕Arjuna (Alter), 别名数量: 0
2025-05-06 00:57:04,348 - INFO - 提取到从者: 未知 (ID: 246), 职阶: 单体, 稀有度: 威廉・退尔ウィリアム・テルWilliam Tell, 别名数量: 0
2025-05-06 00:57:04,348 - INFO - 提取到从者: 未知 (ID: 245), 职阶: 全体, 稀有度: 拉克什米・芭伊ラクシュミー・バーイーLakshmi Bai, 别名数量: 0
2025-05-06 00:57:04,348 - INFO - 提取到从者: 未知 (ID: 244), 职阶: 全体, 稀有度: 伟大的石像神大いなる石像神Great Stone Statue God, 别名数量: 0
2025-05-06 00:57:04,349 - INFO - 提取到从者: 未知 (ID: 243), 职阶: 全体, 稀有度: 格蕾グレイGray, 别名数量: 0
2025-05-06 00:57:04,349 - INFO - 提取到从者: 未知 (ID: 242), 职阶: 单体, 稀有度: 阿斯特赖亚アストライアAstraea, 别名数量: 0
2025-05-06 00:57:04,349 - INFO - 提取到从者: 未知 (ID: 241), 职阶: 辅助, 稀有度: 司马懿〔莱妮丝〕司馬懿〔ライネス〕Sima Yi (Reines), 别名数量: 0
2025-05-06 00:57:04,349 - INFO - 提取到从者: 未知 (ID: 240), 职阶: 未知, 稀有度: BeastⅢ／LビーストⅢ／LBeastⅢ/L, 别名数量: 0
2025-05-06 00:57:04,349 - INFO - 提取到从者: 未知 (ID: 239), 职阶: 单体, 稀有度: 迦摩カーマKama, 别名数量: 0
2025-05-06 00:57:04,350 - INFO - 提取到从者: 未知 (ID: 238), 职阶: 全体, 稀有度: KingproteaキングプロテアKingprotea, 别名数量: 0
2025-05-06 00:57:04,350 - INFO - 提取到从者: 未知 (ID: 237), 职阶: 全体, 稀有度: 紫式部紫式部Murasaki Shikibu, 别名数量: 0
2025-05-06 00:57:04,351 - INFO - 提取到从者: 未知 (ID: 236), 职阶: 辅助, 稀有度: 美游・艾德费尔特美遊・エーデルフェルトMiyu Edelfelt, 别名数量: 0
2025-05-06 00:57:04,351 - INFO - 提取到从者: 未知 (ID: 235), 职阶: 单体, 稀有度: 李书文李書文Li Shuwen, 别名数量: 0
2025-05-06 00:57:04,352 - INFO - 提取到从者: 未知 (ID: 234), 职阶: 单体, 稀有度: 红阎魔紅閻魔Beni-Enma, 别名数量: 0
2025-05-06 00:57:04,352 - INFO - 提取到从者: 未知 (ID: 233), 职阶: 全体, 稀有度: 魁札尔・科亚特尔〔桑巴／圣诞〕ケツァル・コアトル〔サンバ／サンタ〕Quetzalcoatl (Samba/Santa), 别名数量: 0
2025-05-06 00:57:04,352 - INFO - 提取到从者: 未知 (ID: 232), 职阶: 全体, 稀有度: 布拉达曼特ブラダマンテBradamante, 别名数量: 0
2025-05-06 00:57:04,353 - INFO - 提取到从者: 未知 (ID: 231), 职阶: 全体, 稀有度: 赤兔马赤兎馬Red Hare, 别名数量: 0
2025-05-06 00:57:04,353 - INFO - 提取到从者: 未知 (ID: 230), 职阶: 全体, 稀有度: 虞美人虞美人Yu Mei-ren, 别名数量: 0
2025-05-06 00:57:04,353 - INFO - 提取到从者: 未知 (ID: 229), 职阶: 辅助, 稀有度: 始皇帝始皇帝Qin Shi Huang, 别名数量: 0
2025-05-06 00:57:04,354 - INFO - 提取到从者: 未知 (ID: 228), 职阶: 辅助, 稀有度: 秦良玉秦良玉Qin Liangyu, 别名数量: 0
2025-05-06 00:57:04,354 - INFO - 提取到从者: 未知 (ID: 227), 职阶: 辅助, 稀有度: 兰陵王蘭陵王Prince of Lan Ling, 别名数量: 0
2025-05-06 00:57:04,354 - INFO - 提取到从者: 未知 (ID: 226), 职阶: 全体, 稀有度: 项羽項羽Xiang Yu, 别名数量: 0
2025-05-06 00:57:04,354 - INFO - 提取到从者: 未知 (ID: 225), 职阶: 单体, 稀有度: 酒吞童子酒呑童子Shuten-Douji, 别名数量: 0
2025-05-06 00:57:04,355 - INFO - 提取到从者: 未知 (ID: 224), 职阶: 单体, 稀有度: 志度内シトナイSitonai, 别名数量: 0
2025-05-06 00:57:04,355 - INFO - 提取到从者: 未知 (ID: 223), 职阶: 单体, 稀有度: 迪尔姆德・奥迪那ディルムッド・オディナDiarmuid Ua Duibhne, 别名数量: 0
2025-05-06 00:57:04,355 - INFO - 提取到从者: 未知 (ID: 222), 职阶: 单体, 稀有度: 谜之女主角XX謎のヒロインXXMysterious Heroine XX, 别名数量: 0
2025-05-06 00:57:04,356 - INFO - 提取到从者: 未知 (ID: 221), 职阶: 单体, 稀有度: 女王梅芙女王メイヴMedb, 别名数量: 0
2025-05-06 00:57:04,356 - INFO - 提取到从者: 未知 (ID: 220), 职阶: 全体, 稀有度: BBＢＢBB, 别名数量: 0
2025-05-06 00:57:04,356 - INFO - 提取到从者: 未知 (ID: 219), 职阶: 单体, 稀有度: 贞德〔Alter〕ジャンヌ・ダルク〔オルタ〕Jeanne d'Arc (Alter), 别名数量: 0
2025-05-06 00:57:04,356 - INFO - 提取到从者: 未知 (ID: 218), 职阶: 全体, 稀有度: 牛若丸牛若丸Ushiwakamaru, 别名数量: 0
2025-05-06 00:57:04,357 - INFO - 提取到从者: 未知 (ID: 217), 职阶: 单体, 稀有度: 茨木童子茨木童子Ibaraki-Douji, 别名数量: 0
2025-05-06 00:57:04,357 - INFO - 提取到从者: 未知 (ID: 216), 职阶: 全体, 稀有度: 贞德ジャンヌ・ダルクJeanne d'Arc, 别名数量: 0
2025-05-06 00:57:04,357 - INFO - 提取到从者: 未知 (ID: 215), 职阶: 辅助, 稀有度: 斯卡哈・斯卡蒂スカサハ＝スカディScáthach-Skadi, 别名数量: 0
2025-05-06 00:57:04,358 - INFO - 提取到从者: 未知 (ID: 214), 职阶: 全体, 稀有度: 瓦尔基里ワルキューレValkyrie, 别名数量: 0
2025-05-06 00:57:04,358 - INFO - 提取到从者: 未知 (ID: 213), 职阶: 单体, 稀有度: 齐格鲁德シグルドSigurd, 别名数量: 0
2025-05-06 00:57:04,358 - INFO - 提取到从者: 未知 (ID: 212), 职阶: 全体, 稀有度: 拿破仑ナポレオンNapoleon, 别名数量: 0
2025-05-06 00:57:04,359 - INFO - 提取到从者: 未知 (ID: 211), 职阶: 单体, 稀有度: 坂本龙马坂本龍馬Sakamoto Ryouma, 别名数量: 0
2025-05-06 00:57:04,359 - INFO - 提取到从者: 未知 (ID: 210), 职阶: 单体, 稀有度: 冈田以藏岡田以蔵Okada Izo, 别名数量: 0
2025-05-06 00:57:04,359 - INFO - 提取到从者: 未知 (ID: 209), 职阶: 全体, 稀有度: 冲田总司〔Alter〕沖田総司〔オルタ〕Okita Souji (Alter), 别名数量: 0
2025-05-06 00:57:04,359 - INFO - 提取到从者: 未知 (ID: 208), 职阶: 全体, 稀有度: 齐格ジークSieg, 别名数量: 0
2025-05-06 00:57:04,360 - INFO - 提取到从者: 未知 (ID: 207), 职阶: 单体, 稀有度: 喀戎ケイローンChiron, 别名数量: 0
2025-05-06 00:57:04,360 - INFO - 提取到从者: 未知 (ID: 206), 职阶: 全体, 稀有度: 阿喀琉斯アキレウスAchilles, 别名数量: 0
2025-05-06 00:57:04,360 - INFO - 提取到从者: 未知 (ID: 205), 职阶: 全体, 稀有度: 伊凡雷帝イヴァン雷帝Ivan the Terrible, 别名数量: 0
2025-05-06 00:57:04,360 - INFO - 提取到从者: 未知 (ID: 204), 职阶: 全体, 稀有度: 安东尼奥・萨列里アントニオ・サリエリAntonio Salieri, 别名数量: 0
2025-05-06 00:57:04,361 - INFO - 提取到从者: 未知 (ID: 203), 职阶: 全体, 稀有度: 阿维斯布隆アヴィケブロンAvicebron, 别名数量: 0
2025-05-06 00:57:04,361 - INFO - 提取到从者: 未知 (ID: 202), 职阶: 单体, 稀有度: 阿塔兰忒〔Alter〕アタランテ〔オルタ〕Atalanta (Alter), 别名数量: 0
2025-05-06 00:57:04,361 - INFO - 提取到从者: 未知 (ID: 201), 职阶: 全体, 稀有度: 阿纳斯塔西娅アナスタシアAnastasia, 别名数量: 0
2025-05-06 00:57:04,362 - INFO - 提取到从者: 未知 (ID: 200), 职阶: 单体, 稀有度: 浅上藤乃浅上藤乃Asagami Fujino, 别名数量: 0
2025-05-06 00:57:04,362 - INFO - 提取到从者: 未知 (ID: 199), 职阶: 全体, 稀有度: 塞弥拉弥斯セミラミスSemiramis, 别名数量: 0
2025-05-06 00:57:04,363 - INFO - 提取到从者: 未知 (ID: 198), 职阶: 全体, 稀有度: 葛饰北斋葛飾北斎Katsushika Hokusai, 别名数量: 0
2025-05-06 00:57:04,363 - INFO - 提取到从者: 未知 (ID: 197), 职阶: 单体, 稀有度: 阿蒂拉・the・San〔ta〕アルテラ・ザ・サン〔タ〕Attila the San(ta), 别名数量: 0
2025-05-06 00:57:04,363 - INFO - 提取到从者: 未知 (ID: 196), 职阶: 全体, 稀有度: 埃列什基伽勒エレシュキガルEreshkigal, 别名数量: 0
2025-05-06 00:57:04,363 - INFO - 提取到从者: 未知 (ID: 195), 职阶: 单体, 稀有度: 阿比盖尔・威廉姆斯アビゲイル・ウィリアムズAbigail Williams, 别名数量: 0
2025-05-06 00:57:04,364 - INFO - 提取到从者: 未知 (ID: 194), 职阶: 单体, 稀有度: 米德拉什的CasterミドラーシュのキャスターCaster of Midrash, 别名数量: 0
2025-05-06 00:57:04,364 - INFO - 提取到从者: 未知 (ID: 193), 职阶: 全体, 稀有度: 哪吒哪吒Nezha, 别名数量: 0
2025-05-06 00:57:04,364 - INFO - 提取到从者: 未知 (ID: 192), 职阶: 单体, 稀有度: 俄刻阿诺斯的CasterオケアノスのキャスターCaster of Okeanos, 别名数量: 0
2025-05-06 00:57:04,365 - INFO - 提取到从者: 未知 (ID: 191), 职阶: 单体, 稀有度: 机械伊丽亲Ⅱ号机メカエリチャンⅡ号機Mecha Eli-chan Mk. Ⅱ, 别名数量: 0
2025-05-06 00:57:04,366 - INFO - 提取到从者: 未知 (ID: 190), 职阶: 单体, 稀有度: 机械伊丽亲メカエリチャンMecha Eli-chan, 别名数量: 0
2025-05-06 00:57:04,366 - INFO - 提取到从者: 未知 (ID: 189), 职阶: 辅助, 稀有度: 刑部姬刑部姫Osakabehime, 别名数量: 0
2025-05-06 00:57:04,366 - INFO - 提取到从者: 未知 (ID: 188), 职阶: 全体, 稀有度: 加藤段藏加藤段蔵Katou "Black Kite" Danzo, 别名数量: 0
2025-05-06 00:57:04,366 - INFO - 提取到从者: 未知 (ID: 187), 职阶: 单体, 稀有度: 柳生但马守宗矩柳生但馬守宗矩Yagyu Tajima-no-kami Munenori, 别名数量: 0
2025-05-06 00:57:04,367 - INFO - 提取到从者: 未知 (ID: 186), 职阶: 辅助, 稀有度: 宝藏院胤舜宝蔵院胤舜Houzouin Inshun, 别名数量: 0
2025-05-06 00:57:04,367 - INFO - 提取到从者: 未知 (ID: 185), 职阶: 单体, 稀有度: Assassin Paraisoアサシン・パライソAssassin of Paraíso, 别名数量: 0
2025-05-06 00:57:04,368 - INFO - 提取到从者: 未知 (ID: 184), 职阶: 单体, 稀有度: Archer Infernoアーチャー・インフェルノArcher of Inferno, 别名数量: 0
2025-05-06 00:57:04,368 - INFO - 提取到从者: 未知 (ID: 183), 职阶: 全体, 稀有度: 帕尔瓦蒂パールヴァティーPārvatī, 别名数量: 0
2025-05-06 00:57:04,368 - INFO - 提取到从者: 未知 (ID: 182), 职阶: 全体, 稀有度: 伊什塔尔イシュタルIshtar, 别名数量: 0
2025-05-06 00:57:04,369 - INFO - 提取到从者: 未知 (ID: 181), 职阶: 单体, 稀有度: 源赖光源頼光Minamoto-no-Raikou, 别名数量: 0
2025-05-06 00:57:04,369 - INFO - 提取到从者: 未知 (ID: 180), 职阶: 全体, 稀有度: 海伦娜・布拉瓦茨基エレナ・ブラヴァツキーHelena Blavatsky, 别名数量: 0
2025-05-06 00:57:04,369 - INFO - 提取到从者: 未知 (ID: 179), 职阶: 单体, 稀有度: 阿尔托莉雅・潘德拉贡〔Alter〕アルトリア・ペンドラゴン〔オルタ〕Altria Pendragon (Alter), 别名数量: 0
2025-05-06 00:57:04,369 - INFO - 提取到从者: 未知 (ID: 178), 职阶: 单体, 稀有度: 织田信长織田信長Oda Nobunaga, 别名数量: 0
2025-05-06 00:57:04,370 - INFO - 提取到从者: 未知 (ID: 177), 职阶: 全体, 稀有度: 尼托克丽丝ニトクリスNitocris, 别名数量: 0
2025-05-06 00:57:04,370 - INFO - 提取到从者: 未知 (ID: 176), 职阶: 单体, 稀有度: 弗兰肯斯坦フランケンシュタインFrankenstein, 别名数量: 0
2025-05-06 00:57:04,370 - INFO - 提取到从者: 未知 (ID: 175), 职阶: 全体, 稀有度: 尼禄・克劳狄乌斯ネロ・クラウディウスNero Claudius, 别名数量: 0
2025-05-06 00:57:04,371 - INFO - 提取到从者: 未知 (ID: 174), 职阶: 全体, 稀有度: 保罗・班扬ポール・バニヤンPaul Bunyan, 别名数量: 0
2025-05-06 00:57:04,371 - INFO - 提取到从者: 未知 (ID: 173), 职阶: 辅助, 稀有度: 夏洛克・福尔摩斯シャーロック・ホームズSherlock Holmes, 别名数量: 0
2025-05-06 00:57:04,371 - INFO - 提取到从者: 未知 (ID: 172), 职阶: 全体, 稀有度: 反抗军的RiderレジスタンスのライダーRider of the Resistance, 别名数量: 0
2025-05-06 00:57:04,372 - INFO - 提取到从者: 未知 (ID: 171), 职阶: 单体, 稀有度: 黄金国的BerserkerエルドラドのバーサーカーBerserker of El Dorado, 别名数量: 0
2025-05-06 00:57:04,372 - INFO - 提取到从者: 未知 (ID: 170), 职阶: 单体, 稀有度: 不夜城的Assassin不夜城のアサシンAssassin of the Nightless City, 别名数量: 0
2025-05-06 00:57:04,372 - INFO - 提取到从者: 未知 (ID: 169), 职阶: 全体, 稀有度: 不夜城的Caster不夜城のキャスターCaster of the Nightless City, 别名数量: 0
2025-05-06 00:57:04,373 - INFO - 提取到从者: 未知 (ID: 168), 职阶: 未知, 稀有度: BeastⅢ／RビーストⅢ／ＲBeastⅢ/R, 别名数量: 0
2025-05-06 00:57:04,373 - INFO - 提取到从者: 未知 (ID: 167), 职阶: 全体, 稀有度: 杀生院祈荒殺生院キアラSessyoin Kiara, 别名数量: 0
2025-05-06 00:57:04,373 - INFO - 提取到从者: 未知 (ID: 166), 职阶: 单体, 稀有度: BBＢＢBB, 别名数量: 0
2025-05-06 00:57:04,373 - INFO - 提取到从者: 未知 (ID: 165), 职阶: 全体, 稀有度: 铃鹿御前鈴鹿御前Suzuka Gozen, 别名数量: 0
2025-05-06 00:57:04,374 - INFO - 提取到从者: 未知 (ID: 164), 职阶: 全体, 稀有度: PassionlipパッションリップPassionlip, 别名数量: 0
2025-05-06 00:57:04,374 - INFO - 提取到从者: 未知 (ID: 163), 职阶: 单体, 稀有度: MeltryllisメルトリリスMeltryllis, 别名数量: 0
2025-05-06 00:57:04,374 - INFO - 提取到从者: 未知 (ID: 162), 职阶: 全体, 稀有度: 茶茶茶々Chacha, 别名数量: 0
2025-05-06 00:57:04,375 - INFO - 提取到从者: 未知 (ID: 161), 职阶: 单体, 稀有度: 土方岁三土方歳三Hijikata Toshizo, 别名数量: 0
2025-05-06 00:57:04,375 - INFO - 提取到从者: 未知 (ID: 160), 职阶: 全体, 稀有度: 亚瑟・潘德拉贡〔Prototype〕アーサー・ペンドラゴン〔プロトタイプ〕Arthur Pendragon (Prototype), 别名数量: 0
2025-05-06 00:57:04,375 - INFO - 提取到从者: 未知 (ID: 159), 职阶: 单体, 稀有度: 新宿的Assassin新宿のアサシンAssassin of Shinjuku, 别名数量: 0
2025-05-06 00:57:04,376 - INFO - 提取到从者: 未知 (ID: 158), 职阶: 单体, 稀有度: 新宿的Avenger新宿のアヴェンジャーAvenger of Shinjuku, 别名数量: 0
2025-05-06 00:57:04,376 - INFO - 提取到从者: 未知 (ID: 157), 职阶: 单体, 稀有度: 卫宫〔Alter〕エミヤ〔オルタ〕Emiya (Alter), 别名数量: 0
2025-05-06 00:57:04,376 - INFO - 提取到从者: 未知 (ID: 156), 职阶: 单体, 稀有度: 新宿的Archer新宿のアーチャーArcher of Shinjuku, 别名数量: 0
2025-05-06 00:57:04,377 - INFO - 提取到从者: 未知 (ID: 155), 职阶: 单体, 稀有度: 谜之女主角X〔Alter〕謎のヒロインＸ〔オルタ〕Mysterious Heroine X (Alter), 别名数量: 0
2025-05-06 00:57:04,377 - INFO - 提取到从者: 未知 (ID: 154), 职阶: 单体, 稀有度: “山中老人”“山の翁”"First Hassan", 别名数量: 0
2025-05-06 00:57:04,377 - INFO - 提取到从者: 未知 (ID: 153), 职阶: 单体, 稀有度: 宫本武藏宮本武蔵Miyamoto Musashi, 别名数量: 0
2025-05-06 00:57:04,378 - INFO - 提取到从者: 未知 (ID: 152), 职阶: 未知, 稀有度: 所罗门ソロモンSolomon, 别名数量: 0
2025-05-06 00:57:04,378 - INFO - 提取到从者: 未知 (ID: 151), 职阶: 未知, 稀有度: 盖提亚ゲーティアGoetia, 别名数量: 0
2025-05-06 00:57:04,378 - INFO - 提取到从者: 未知 (ID: 150), 职阶: 辅助, 稀有度: 梅林マーリンMerlin, 别名数量: 0
2025-05-06 00:57:04,379 - INFO - 提取到从者: 未知 (ID: 149), 职阶: 未知, 稀有度: 提亚马特ティアマトTiamat, 别名数量: 0
2025-05-06 00:57:04,379 - INFO - 提取到从者: 未知 (ID: 148), 职阶: 单体, 稀有度: 豹人ジャガーマンJaguar Warrior, 别名数量: 0
2025-05-06 00:57:04,379 - INFO - 提取到从者: 未知 (ID: 147), 职阶: 全体, 稀有度: 戈耳工ゴルゴーンGorgon, 别名数量: 0
2025-05-06 00:57:04,380 - INFO - 提取到从者: 未知 (ID: 146), 职阶: 单体, 稀有度: 美杜莎メドゥーサMedusa, 别名数量: 0
2025-05-06 00:57:04,380 - INFO - 提取到从者: 未知 (ID: 145), 职阶: 全体, 稀有度: 吉尔伽美什ギルガメッシュGilgamesh, 别名数量: 0
2025-05-06 00:57:04,380 - INFO - 提取到从者: 未知 (ID: 144), 职阶: 单体, 稀有度: 魁札尔・科亚特尔ケツァル・コアトルQuetzalcoatl, 别名数量: 0
2025-05-06 00:57:04,380 - INFO - 提取到从者: 未知 (ID: 143), 职阶: 单体, 稀有度: 恩奇都エルキドゥEnkidu, 别名数量: 0
2025-05-06 00:57:04,381 - INFO - 提取到从者: 未知 (ID: 142), 职阶: 全体, 稀有度: 伊什塔尔イシュタルIshtar, 别名数量: 0
2025-05-06 00:57:04,381 - INFO - 提取到从者: 未知 (ID: 141), 职阶: 全体, 稀有度: 贞德・Alter・Santa・Lilyジャンヌ・ダルク・オルタ・サンタ・リリィJeanne d'Arc Alter Santa Lily, 别名数量: 0
2025-05-06 00:57:04,382 - INFO - 提取到从者: 未知 (ID: 140), 职阶: 单体, 稀有度: 弗拉德三世〔EXTRA〕ヴラド三世〔EXTRA〕Vlad III (EXTRA), 别名数量: 0
2025-05-06 00:57:04,382 - INFO - 提取到从者: 未知 (ID: 139), 职阶: 全体, 稀有度: 克娄巴特拉クレオパトラCleopatra, 别名数量: 0
2025-05-06 00:57:04,382 - INFO - 提取到从者: 未知 (ID: 138), 职阶: 单体, 稀有度: 伊丽莎白・巴托里〔勇者〕エリザベート・バートリー〔ブレイブ〕Elisabeth Báthory (Brave), 别名数量: 0
2025-05-06 00:57:04,382 - INFO - 提取到从者: 未知 (ID: 137), 职阶: 单体, 稀有度: 克洛伊・冯・爱因兹贝伦クロエ・フォン・アインツベルンChloe von Einzbern, 别名数量: 0
2025-05-06 00:57:04,383 - INFO - 提取到从者: 未知 (ID: 136), 职阶: 单体, 稀有度: 伊莉雅丝菲尔・冯・爱因兹贝伦イリヤスフィール・フォン・アインツベルンIllyasviel von Einzbern, 别名数量: 0
2025-05-06 00:57:04,383 - INFO - 提取到从者: 未知 (ID: 135), 职阶: 单体, 稀有度: 玛尔达マルタMartha, 别名数量: 0
2025-05-06 00:57:04,383 - INFO - 提取到从者: 未知 (ID: 134), 职阶: 单体, 稀有度: 清姬清姫Kiyohime, 别名数量: 0
2025-05-06 00:57:04,383 - INFO - 提取到从者: 未知 (ID: 133), 职阶: 全体, 稀有度: 斯卡哈スカサハScáthach, 别名数量: 0
2025-05-06 00:57:04,384 - INFO - 提取到从者: 未知 (ID: 132), 职阶: 全体, 稀有度: 莫德雷德モードレッドMordred, 别名数量: 0
2025-05-06 00:57:04,384 - INFO - 提取到从者: 未知 (ID: 131), 职阶: 单体, 稀有度: 安妮・伯妮＆玛莉・瑞德アン・ボニー＆メアリー・リードAnne Bonny & Mary Read, 别名数量: 0
2025-05-06 00:57:04,384 - INFO - 提取到从者: 未知 (ID: 130), 职阶: 全体, 稀有度: 玛丽・安托瓦内特マリー・アントワネットMarie Antoinette, 别名数量: 0
2025-05-06 00:57:04,385 - INFO - 提取到从者: 未知 (ID: 129), 职阶: 单体, 稀有度: 阿尔托莉雅・潘德拉贡アルトリア・ペンドラゴンAltria Pendragon, 别名数量: 0
2025-05-06 00:57:04,385 - INFO - 提取到从者: 未知 (ID: 128), 职阶: 单体, 稀有度: 玉藻前玉藻の前Tamamo-no-Mae, 别名数量: 0
2025-05-06 00:57:04,386 - INFO - 提取到从者: 未知 (ID: 127), 职阶: 全体, 稀有度: 莱昂纳多・达・芬奇レオナルド・ダ・ヴィンチLeonardo da Vinci, 别名数量: 0
2025-05-06 00:57:04,386 - INFO - 提取到从者: 未知 (ID: 126), 职阶: 单体, 稀有度: 贝德维尔ベディヴィエールBedivere, 别名数量: 0
2025-05-06 00:57:04,386 - INFO - 提取到从者: 未知 (ID: 125), 职阶: 全体, 稀有度: 俵藤太俵藤太Tawara Touta, 别名数量: 0
2025-05-06 00:57:04,387 - INFO - 提取到从者: 未知 (ID: 124), 职阶: 单体, 稀有度: 静谧哈桑静謐のハサンHassan of the Serenity, 别名数量: 0
2025-05-06 00:57:04,387 - INFO - 提取到从者: 未知 (ID: 123), 职阶: 全体, 稀有度: 高文ガウェインGawain, 别名数量: 0
2025-05-06 00:57:04,387 - INFO - 提取到从者: 未知 (ID: 122), 职阶: 单体, 稀有度: 崔斯坦トリスタンTristan, 别名数量: 0
2025-05-06 00:57:04,388 - INFO - 提取到从者: 未知 (ID: 121), 职阶: 单体, 稀有度: 兰斯洛特ランスロットLancelot, 别名数量: 0
2025-05-06 00:57:04,388 - INFO - 提取到从者: 未知 (ID: 120), 职阶: 全体, 稀有度: 尼托克丽丝ニトクリスNitocris, 别名数量: 0
2025-05-06 00:57:04,388 - INFO - 提取到从者: 未知 (ID: 119), 职阶: 全体, 稀有度: 阿尔托莉雅・潘德拉贡アルトリア・ペンドラゴンAltria Pendragon, 别名数量: 0
2025-05-06 00:57:04,389 - INFO - 提取到从者: 未知 (ID: 118), 职阶: 单体, 稀有度: 奥斯曼狄斯オジマンディアスOzymandias, 别名数量: 0
2025-05-06 00:57:04,389 - INFO - 提取到从者: 未知 (ID: 117), 职阶: 全体, 稀有度: 风魔小太郎風魔小太郎Fuuma "Evil-wind" Kotarou, 别名数量: 0
2025-05-06 00:57:04,390 - INFO - 提取到从者: 未知 (ID: 116), 职阶: 单体, 稀有度: 茨木童子茨木童子Ibaraki-Douji, 别名数量: 0
2025-05-06 00:57:04,390 - INFO - 提取到从者: 未知 (ID: 115), 职阶: 单体, 稀有度: 坂田金时坂田金時Sakata Kintoki, 别名数量: 0
2025-05-06 00:57:04,390 - INFO - 提取到从者: 未知 (ID: 114), 职阶: 全体, 稀有度: 源赖光源頼光Minamoto-no-Raikou, 别名数量: 0
2025-05-06 00:57:04,390 - INFO - 提取到从者: 未知 (ID: 113), 职阶: 单体, 稀有度: 玄奘三藏玄奘三蔵Xuanzang Sanzang, 别名数量: 0
2025-05-06 00:57:04,391 - INFO - 提取到从者: 未知 (ID: 112), 职阶: 全体, 稀有度: 酒吞童子酒呑童子Shuten-Douji, 别名数量: 0
2025-05-06 00:57:04,391 - INFO - 提取到从者: 未知 (ID: 111), 职阶: 辅助, 稀有度: 爱丽丝菲尔〔天之衣〕アイリスフィール〔天の衣〕Irisviel (Holy Grail), 别名数量: 0
2025-05-06 00:57:04,391 - INFO - 提取到从者: 未知 (ID: 110), 职阶: 单体, 稀有度: 百貌哈桑百貌のハサンHassan of the Hundred Personas, 别名数量: 0
2025-05-06 00:57:04,392 - INFO - 提取到从者: 未知 (ID: 109), 职阶: 单体, 稀有度: 卫宫〔Assassin〕エミヤ〔アサシン〕Emiya (Assassin), 别名数量: 0
2025-05-06 00:57:04,392 - INFO - 提取到从者: 未知 (ID: 108), 职阶: 全体, 稀有度: 伊斯坎达尔イスカンダルIskandar, 别名数量: 0
2025-05-06 00:57:04,392 - INFO - 提取到从者: 未知 (ID: 107), 职阶: 辅助, 稀有度: 安哥拉曼纽アンリマユAŋra Mainiiu, 别名数量: 0
2025-05-06 00:57:04,392 - INFO - 提取到从者: 未知 (ID: 106), 职阶: 单体, 稀有度: 贞德〔Alter〕ジャンヌ・ダルク〔オルタ〕Jeanne d'Arc (Alter), 别名数量: 0
2025-05-06 00:57:04,394 - INFO - 提取到从者: 未知 (ID: 105), 职阶: 单体, 稀有度: 比利小子ビリー・ザ・キッドBilly the Kid, 别名数量: 0
2025-05-06 00:57:04,394 - INFO - 提取到从者: 未知 (ID: 104), 职阶: 全体, 稀有度: 杰罗尼莫ジェロニモGeronimo, 别名数量: 0
2025-05-06 00:57:04,395 - INFO - 提取到从者: 未知 (ID: 103), 职阶: 全体, 稀有度: 托马斯・爱迪生トーマス・エジソンThomas Edison, 别名数量: 0
2025-05-06 00:57:04,395 - INFO - 提取到从者: 未知 (ID: 102), 职阶: 单体, 稀有度: 李书文李書文Li Shuwen, 别名数量: 0
2025-05-06 00:57:04,395 - INFO - 提取到从者: 未知 (ID: 101), 职阶: 单体, 稀有度: 罗摩ラーマRama, 别名数量: 0
2025-05-06 00:57:04,396 - INFO - 提取到从者: 未知 (ID: 100), 职阶: 全体, 稀有度: 海伦娜・布拉瓦茨基エレナ・ブラヴァツキーHelena Blavatsky, 别名数量: 0
2025-05-06 00:57:04,396 - INFO - 提取到从者: 未知 (ID: 99), 职阶: 单体, 稀有度: 女王梅芙女王メイヴQueen Medb, 别名数量: 0
2025-05-06 00:57:04,396 - INFO - 提取到从者: 未知 (ID: 98), 职阶: 单体, 稀有度: 库・丘林〔Alter〕クー・フーリン〔オルタ〕Cú Chulainn (Alter), 别名数量: 0
2025-05-06 00:57:04,397 - INFO - 提取到从者: 未知 (ID: 97), 职阶: 辅助, 稀有度: 南丁格尔ナイチンゲールFlorence Nightingale, 别名数量: 0
2025-05-06 00:57:04,397 - INFO - 提取到从者: 未知 (ID: 96), 职阶: 全体, 稀有度: 岩窟王巌窟王Edmond Dantès, 别名数量: 0
2025-05-06 00:57:04,397 - INFO - 提取到从者: 未知 (ID: 95), 职阶: 全体, 稀有度: 幼吉尔子ギルGilgamesh (Child), 别名数量: 0
2025-05-06 00:57:04,398 - INFO - 提取到从者: 未知 (ID: 94), 职阶: 全体, 稀有度: 阿斯托尔福アストルフォAstolfo, 别名数量: 0
2025-05-06 00:57:04,398 - INFO - 提取到从者: 未知 (ID: 93), 职阶: 全体, 稀有度: 天草四郎天草四郎Amakusa Shirou, 别名数量: 0
2025-05-06 00:57:04,398 - INFO - 提取到从者: 未知 (ID: 92), 职阶: 单体, 稀有度: 两仪式両儀式Ryougi Shiki, 别名数量: 0
2025-05-06 00:57:04,398 - INFO - 提取到从者: 未知 (ID: 91), 职阶: 全体, 稀有度: 两仪式両儀式Ryougi Shiki, 别名数量: 0
2025-05-06 00:57:04,399 - INFO - 提取到从者: 未知 (ID: 90), 职阶: 单体, 稀有度: 尼禄・克劳狄乌斯〔新娘〕ネロ・クラウディウス〔ブライド〕Nero Claudius (Bride), 别名数量: 0
2025-05-06 00:57:04,399 - INFO - 提取到从者: 未知 (ID: 89), 职阶: 单体, 稀有度: 贝奥武夫ベオウルフBeowulf, 别名数量: 0
2025-05-06 00:57:04,399 - INFO - 提取到从者: 未知 (ID: 88), 职阶: 单体, 稀有度: 布伦希尔德ブリュンヒルデBrynhild, 别名数量: 0
2025-05-06 00:57:04,400 - INFO - 提取到从者: 未知 (ID: 87), 职阶: 全体, 稀有度: 芬恩・麦克库尔フィン・マックールFionn mac Cumhaill, 别名数量: 0
2025-05-06 00:57:04,400 - INFO - 提取到从者: 未知 (ID: 86), 职阶: 单体, 稀有度: 谜之女主角X謎のヒロインXMysterious Heroine X, 别名数量: 0
2025-05-06 00:57:04,400 - INFO - 提取到从者: 未知 (ID: 85), 职阶: 全体, 稀有度: 迦尔纳カルナKarna, 别名数量: 0
2025-05-06 00:57:04,401 - INFO - 提取到从者: 未知 (ID: 84), 职阶: 全体, 稀有度: 阿周那アルジュナArjuna, 别名数量: 0
2025-05-06 00:57:04,401 - INFO - 提取到从者: 未知 (ID: 83), 职阶: 未知, 稀有度: 所罗门ソロモンSolomon, 别名数量: 0
2025-05-06 00:57:04,401 - INFO - 提取到从者: 未知 (ID: 82), 职阶: 全体, 稀有度: 弗兰肯斯坦フランケンシュタインFrankenstein, 别名数量: 0
2025-05-06 00:57:04,401 - INFO - 提取到从者: 未知 (ID: 81), 职阶: 辅助, 稀有度: 亨利・杰基尔＆海德ヘンリー・ジキル＆ハイドHenry Jekyll & Hyde, 别名数量: 0
2025-05-06 00:57:04,402 - INFO - 提取到从者: 未知 (ID: 80), 职阶: 全体, 稀有度: 查尔斯・巴贝奇チャールズ・バベッジCharles Babbage, 别名数量: 0
2025-05-06 00:57:04,402 - INFO - 提取到从者: 未知 (ID: 79), 职阶: 全体, 稀有度: 冯・霍恩海姆・帕拉塞尔苏斯ヴァン・ホーエンハイム・パラケルススParacelsus von Hohenheim, 别名数量: 0
2025-05-06 00:57:04,402 - INFO - 提取到从者: 未知 (ID: 78), 职阶: 全体, 稀有度: 阿尔托莉雅・潘德拉贡〔Alter〕アルトリア・ペンドラゴン〔オルタ〕Altria Pendragon (Alter), 别名数量: 0
2025-05-06 00:57:04,403 - INFO - 提取到从者: 未知 (ID: 77), 职阶: 全体, 稀有度: 尼古拉・特斯拉ニコラ・テスラNikola Tesla, 别名数量: 0
2025-05-06 00:57:04,403 - INFO - 提取到从者: 未知 (ID: 76), 职阶: 全体, 稀有度: 莫德雷德モードレッドMordred, 别名数量: 0
2025-05-06 00:57:04,404 - INFO - 提取到从者: 未知 (ID: 75), 职阶: 单体, 稀有度: 开膛手杰克ジャック・ザ・リッパーJack the Ripper, 别名数量: 0
2025-05-06 00:57:04,404 - INFO - 提取到从者: 未知 (ID: 74), 职阶: 全体, 稀有度: 童谣ナーサリー・ライムNursery Rhyme, 别名数量: 0
2025-05-06 00:57:04,404 - INFO - 提取到从者: 未知 (ID: 73), 职阶: 全体, 稀有度: 阿尔托莉雅・潘德拉贡〔圣诞Alter〕アルトリア・ペンドラゴン〔サンタオルタ〕Altria Pendragon (Santa Alter), 别名数量: 0
2025-05-06 00:57:04,405 - INFO - 提取到从者: 未知 (ID: 72), 职阶: 全体, 稀有度: 弗格斯・马克・罗伊フェルグス・マック・ロイFergus mac Róich, 别名数量: 0
2025-05-06 00:57:04,405 - INFO - 提取到从者: 未知 (ID: 71), 职阶: 单体, 稀有度: 迪尔姆德・奥迪那ディルムッド・オディナDiarmuid Ua Duibhne, 别名数量: 0
2025-05-06 00:57:04,405 - INFO - 提取到从者: 未知 (ID: 70), 职阶: 单体, 稀有度: 斯卡哈スカサハScáthach, 别名数量: 0
2025-05-06 00:57:04,405 - INFO - 提取到从者: 未知 (ID: 69), 职阶: 全体, 稀有度: 织田信长織田信長Oda Nobunaga, 别名数量: 0
2025-05-06 00:57:04,405 - INFO - 提取到从者: 未知 (ID: 68), 职阶: 单体, 稀有度: 冲田总司沖田総司Okita Souji, 别名数量: 0
2025-05-06 00:57:04,406 - INFO - 提取到从者: 未知 (ID: 67), 职阶: 辅助, 稀有度: 美狄亚〔Lily〕メディア〔リリィ〕Medea (Lily), 别名数量: 0
2025-05-06 00:57:04,406 - INFO - 提取到从者: 未知 (ID: 66), 职阶: 单体, 稀有度: 安妮・伯妮＆玛莉・瑞德アン・ボニー＆メアリー・リードAnne Bonny & Mary Read, 别名数量: 0
2025-05-06 00:57:04,407 - INFO - 提取到从者: 未知 (ID: 65), 职阶: 全体, 稀有度: 弗朗西斯・德雷克フランシス・ドレイクFrancis Drake, 别名数量: 0
2025-05-06 00:57:04,407 - INFO - 提取到从者: 未知 (ID: 64), 职阶: 全体, 稀有度: 赫克托耳ヘクトールHektor, 别名数量: 0
2025-05-06 00:57:04,407 - INFO - 提取到从者: 未知 (ID: 63), 职阶: 单体, 稀有度: 大卫ダビデDavid, 别名数量: 0
2025-05-06 00:57:04,408 - INFO - 提取到从者: 未知 (ID: 62), 职阶: 辅助, 稀有度: 玉藻前玉藻の前Tamamo-no-Mae, 别名数量: 0
2025-05-06 00:57:04,408 - INFO - 提取到从者: 未知 (ID: 61), 职阶: 全体, 稀有度: 伊丽莎白・巴托里〔万圣节〕エリザベート・バートリー〔ハロウィン〕Elisabeth Báthory (Halloween), 别名数量: 0
2025-05-06 00:57:04,408 - INFO - 提取到从者: 未知 (ID: 60), 职阶: 单体, 稀有度: 俄里翁オリオンOrion, 别名数量: 0
2025-05-06 00:57:04,408 - INFO - 提取到从者: 未知 (ID: 59), 职阶: 辅助, 稀有度: 贞德ジャンヌ・ダルクJeanne d'Arc, 别名数量: 0
2025-05-06 00:57:04,409 - INFO - 提取到从者: 未知 (ID: 58), 职阶: 全体, 稀有度: 玉藻猫タマモキャットTamamo Cat, 别名数量: 0
2025-05-06 00:57:04,409 - INFO - 提取到从者: 未知 (ID: 57), 职阶: 全体, 稀有度: 血斧埃里克エイリーク・ブラッドアクスEric Bloodaxe, 别名数量: 0
2025-05-06 00:57:04,409 - INFO - 提取到从者: 未知 (ID: 56), 职阶: 全体, 稀有度: 清姬清姫Kiyohime, 别名数量: 0
2025-05-06 00:57:04,410 - INFO - 提取到从者: 未知 (ID: 55), 职阶: 全体, 稀有度: 大流士三世ダレイオス三世Darius III, 别名数量: 0
2025-05-06 00:57:04,410 - INFO - 提取到从者: 未知 (ID: 54), 职阶: 辅助, 稀有度: 卡利古拉カリギュラCaligula, 别名数量: 0
2025-05-06 00:57:04,411 - INFO - 提取到从者: 未知 (ID: 53), 职阶: 辅助, 稀有度: 阿斯忒里俄斯アステリオスAsterios, 别名数量: 0
2025-05-06 00:57:04,411 - INFO - 提取到从者: 未知 (ID: 52), 职阶: 单体, 稀有度: 弗拉德三世ヴラド三世Vlad III, 别名数量: 0
2025-05-06 00:57:04,411 - INFO - 提取到从者: 未知 (ID: 51), 职阶: 单体, 稀有度: 坂田金时坂田金時Sakata Kintoki, 别名数量: 0
2025-05-06 00:57:04,412 - INFO - 提取到从者: 未知 (ID: 50), 职阶: 全体, 稀有度: 斯巴达克斯スパルタクスSpartacus, 别名数量: 0
2025-05-06 00:57:04,412 - INFO - 提取到从者: 未知 (ID: 49), 职阶: 单体, 稀有度: 吕布奉先呂布奉先Lu Bu Fengxian, 别名数量: 0
2025-05-06 00:57:04,412 - INFO - 提取到从者: 未知 (ID: 48), 职阶: 全体, 稀有度: 兰斯洛特ランスロットLancelot, 别名数量: 0
2025-05-06 00:57:04,412 - INFO - 提取到从者: 未知 (ID: 47), 职阶: 单体, 稀有度: 赫拉克勒斯ヘラクレスHeracles, 别名数量: 0
2025-05-06 00:57:04,413 - INFO - 提取到从者: 未知 (ID: 46), 职阶: 单体, 稀有度: 卡米拉カーミラCarmilla, 别名数量: 0
2025-05-06 00:57:04,413 - INFO - 提取到从者: 未知 (ID: 45), 职阶: 辅助, 稀有度: 玛塔・哈丽マタ・ハリMata Hari, 别名数量: 0
2025-05-06 00:57:04,414 - INFO - 提取到从者: 未知 (ID: 44), 职阶: 全体, 稀有度: 剧院魅影ファントム・オブ・ジ・オペラPhantom of the Opera, 别名数量: 0
2025-05-06 00:57:04,414 - INFO - 提取到从者: 未知 (ID: 43), 职阶: 单体, 稀有度: 夏尔・亨利・桑松シャルル＝アンリ・サンソンCharles-Henri Sanson, 别名数量: 0
2025-05-06 00:57:04,414 - INFO - 提取到从者: 未知 (ID: 42), 职阶: 单体, 稀有度: 荆轲荊軻Jing Ke, 别名数量: 0
2025-05-06 00:57:04,415 - INFO - 提取到从者: 未知 (ID: 41), 职阶: 辅助, 稀有度: 斯忒诺ステンノStheno, 别名数量: 0
2025-05-06 00:57:04,415 - INFO - 提取到从者: 未知 (ID: 40), 职阶: 单体, 稀有度: 咒腕哈桑呪腕のハサンHassan of the Cursed Arm, 别名数量: 0
2025-05-06 00:57:04,415 - INFO - 提取到从者: 未知 (ID: 39), 职阶: 单体, 稀有度: 佐佐木小次郎佐々木小次郎Sasaki Kojirou, 别名数量: 0
2025-05-06 00:57:04,416 - INFO - 提取到从者: 未知 (ID: 38), 职阶: 全体, 稀有度: 库・丘林クー・フーリンCú Chulainn, 别名数量: 0
2025-05-06 00:57:04,416 - INFO - 提取到从者: 未知 (ID: 37), 职阶: 辅助, 稀有度: 诸葛孔明〔埃尔梅罗Ⅱ世〕諸葛孔明〔エルメロイⅡ世〕Zhuge Liang (Lord El-Melloi II), 别名数量: 0
2025-05-06 00:57:04,416 - INFO - 提取到从者: 未知 (ID: 36), 职阶: 辅助, 稀有度: 沃尔夫冈・阿马德乌斯・莫扎特ヴォルフガング・アマデウス・モーツァルトWolfgang Amadeus Mozart, 别名数量: 0
2025-05-06 00:57:04,417 - INFO - 提取到从者: 未知 (ID: 35), 职阶: 全体, 稀有度: 梅菲斯托费勒斯メフィストフェレスMephistopheles, 别名数量: 0
2025-05-06 00:57:04,417 - INFO - 提取到从者: 未知 (ID: 34), 职阶: 全体, 稀有度: 威廉・莎士比亚ウィリアム・シェイクスピアWilliam Shakespeare, 别名数量: 0
2025-05-06 00:57:04,417 - INFO - 提取到从者: 未知 (ID: 33), 职阶: 辅助, 稀有度: 汉斯・克里斯蒂安・安徒生ハンス・クリスチャン・アンデルセンHans Christian Andersen, 别名数量: 0
2025-05-06 00:57:04,418 - INFO - 提取到从者: 未知 (ID: 32), 职阶: 全体, 稀有度: 吉尔・德・雷ジル・ド・レェGilles de Rais, 别名数量: 0
2025-05-06 00:57:04,418 - INFO - 提取到从者: 未知 (ID: 31), 职阶: 单体, 稀有度: 美狄亚メディアMedea, 别名数量: 0
2025-05-06 00:57:04,418 - INFO - 提取到从者: 未知 (ID: 30), 职阶: 全体, 稀有度: 玛尔达マルタMartha, 别名数量: 0
2025-05-06 00:57:04,419 - INFO - 提取到从者: 未知 (ID: 29), 职阶: 全体, 稀有度: 玛丽・安托瓦内特マリー・アントワネットMarie Antoinette, 别名数量: 0
2025-05-06 00:57:04,419 - INFO - 提取到从者: 未知 (ID: 28), 职阶: 全体, 稀有度: 亚历山大アレキサンダーAlexander, 别名数量: 0
2025-05-06 00:57:04,419 - INFO - 提取到从者: 未知 (ID: 27), 职阶: 单体, 稀有度: 牛若丸牛若丸Ushiwakamaru, 别名数量: 0
2025-05-06 00:57:04,419 - INFO - 提取到从者: 未知 (ID: 26), 职阶: 辅助, 稀有度: 布狄卡ブーディカBoudica, 别名数量: 0
2025-05-06 00:57:04,419 - INFO - 提取到从者: 未知 (ID: 25), 职阶: 全体, 稀有度: 爱德华・蒂奇エドワード・ティーチEdward Teach, 别名数量: 0
2025-05-06 00:57:04,420 - INFO - 提取到从者: 未知 (ID: 24), 职阶: 单体, 稀有度: 乔尔乔斯ゲオルギウスGeorgios, 别名数量: 0
2025-05-06 00:57:04,420 - INFO - 提取到从者: 未知 (ID: 23), 职阶: 全体, 稀有度: 美杜莎メドゥーサMedusa, 别名数量: 0
2025-05-06 00:57:04,421 - INFO - 提取到从者: 未知 (ID: 22), 职阶: 全体, 稀有度: 罗穆路斯ロムルスRomulus, 别名数量: 0
2025-05-06 00:57:04,421 - INFO - 提取到从者: 未知 (ID: 21), 职阶: 辅助, 稀有度: 列奥尼达一世レオニダス一世Leonidas I, 别名数量: 0
2025-05-06 00:57:04,421 - INFO - 提取到从者: 未知 (ID: 20), 职阶: 单体, 稀有度: 库・丘林〔Prototype〕クー・フーリン〔プロトタイプ〕Cú Chulainn (Prototype), 别名数量: 0
2025-05-06 00:57:04,422 - INFO - 提取到从者: 未知 (ID: 19), 职阶: 辅助, 稀有度: 武藏坊弁庆武蔵坊弁慶Musashibou Benkei, 别名数量: 0
2025-05-06 00:57:04,422 - INFO - 提取到从者: 未知 (ID: 18), 职阶: 全体, 稀有度: 伊丽莎白・巴托里エリザベート・バートリーElisabeth Báthory, 别名数量: 0
2025-05-06 00:57:04,423 - INFO - 提取到从者: 未知 (ID: 17), 职阶: 单体, 稀有度: 库・丘林クー・フーリンCú Chulainn, 别名数量: 0
2025-05-06 00:57:04,423 - INFO - 提取到从者: 未知 (ID: 16), 职阶: 全体, 稀有度: 阿拉什アーラシュArash, 别名数量: 0
2025-05-06 00:57:04,423 - INFO - 提取到从者: 未知 (ID: 15), 职阶: 单体, 稀有度: 尤瑞艾莉エウリュアレEuryale, 别名数量: 0
2025-05-06 00:57:04,424 - INFO - 提取到从者: 未知 (ID: 14), 职阶: 全体, 稀有度: 阿塔兰忒アタランテAtalanta, 别名数量: 0
2025-05-06 00:57:04,424 - INFO - 提取到从者: 未知 (ID: 13), 职阶: 单体, 稀有度: 罗宾汉ロビンフッドRobin Hood, 别名数量: 0
2025-05-06 00:57:04,424 - INFO - 提取到从者: 未知 (ID: 12), 职阶: 全体, 稀有度: 吉尔伽美什ギルガメッシュGilgamesh, 别名数量: 0
2025-05-06 00:57:04,425 - INFO - 提取到从者: 未知 (ID: 11), 职阶: 全体, 稀有度: 卫宫エミヤEmiya, 别名数量: 0
2025-05-06 00:57:04,425 - INFO - 提取到从者: 未知 (ID: 10), 职阶: 辅助, 稀有度: 骑士迪昂シュヴァリエ・デオンChevalier d'Eon, 别名数量: 0
2025-05-06 00:57:04,425 - INFO - 提取到从者: 未知 (ID: 9), 职阶: 辅助, 稀有度: 吉尔・德・雷ジル・ド・レェGilles de Rais, 别名数量: 0
2025-05-06 00:57:04,426 - INFO - 提取到从者: 未知 (ID: 8), 职阶: 全体, 稀有度: 阿蒂拉アルテラAltera, 别名数量: 0
2025-05-06 00:57:04,426 - INFO - 提取到从者: 未知 (ID: 7), 职阶: 单体, 稀有度: 盖乌斯・尤利乌斯・恺撒ガイウス・ユリウス・カエサルGaius Julius Caesar, 别名数量: 0
2025-05-06 00:57:04,427 - INFO - 提取到从者: 未知 (ID: 6), 职阶: 全体, 稀有度: 齐格飞ジークフリートSiegfried, 别名数量: 0
2025-05-06 00:57:04,427 - INFO - 提取到从者: 未知 (ID: 5), 职阶: 全体, 稀有度: 尼禄・克劳狄乌斯ネロ・クラウディウスNero Claudius, 别名数量: 0
2025-05-06 00:57:04,427 - INFO - 提取到从者: 未知 (ID: 4), 职阶: 全体, 稀有度: 阿尔托莉雅・潘德拉贡〔Lily〕アルトリア・ペンドラゴン〔リリィ〕Altria Pendragon (Lily), 别名数量: 0
2025-05-06 00:57:04,428 - INFO - 提取到从者: 未知 (ID: 3), 职阶: 全体, 稀有度: 阿尔托莉雅・潘德拉贡〔Alter〕アルトリア・ペンドラゴン〔オルタ〕Altria Pendragon (Alter), 别名数量: 0
2025-05-06 00:57:04,428 - INFO - 提取到从者: 未知 (ID: 2), 职阶: 全体, 稀有度: 阿尔托莉雅・潘德拉贡アルトリア・ペンドラゴンAltria Pendragon, 别名数量: 0
2025-05-06 00:57:04,429 - INFO - 提取到从者: 未知 (ID: 1), 职阶: 辅助, 稀有度: 玛修・基列莱特マシュ・キリエライトMash Kyrielight, 别名数量: 0
2025-05-06 00:57:04,429 - INFO - 从HTML中提取到 1 个从者数据
2025-05-06 00:57:04,429 - INFO - 正在为从者添加特殊别名...
2025-05-06 00:57:04,429 - INFO - 准备将结果写入文件: fgo_wiki_servants_data.json
2025-05-06 00:57:04,430 - INFO - 数据已成功保存到 fgo_wiki_servants_data.json
2025-05-06 00:57:04,430 - INFO - 成功将 1 条从者数据写入 fgo_wiki_servants_data.json
2025-05-06 00:57:04,430 - INFO - 脚本执行成功。
